c:\users\compaq-cq50\source\repos\tp4-eda\project1\project1\debug\vc141.pdb
c:\users\compaq-cq50\source\repos\tp4-eda\project1\project1\debug\vc141.idb
c:\users\compaq-cq50\source\repos\tp4-eda\project1\project1\debug\bird.obj
c:\users\compaq-cq50\source\repos\tp4-eda\project1\project1\debug\controller.obj
c:\users\compaq-cq50\source\repos\tp4-eda\project1\project1\debug\lib.obj
c:\users\compaq-cq50\source\repos\tp4-eda\project1\project1\debug\main.obj
c:\users\compaq-cq50\source\repos\tp4-eda\project1\project1\debug\simulation.obj
c:\users\compaq-cq50\source\repos\tp4-eda\project1\project1\debug\viewer.obj
c:\users\compaq-cq50\source\repos\tp4-eda\project1\debug\project1.exe
c:\users\compaq-cq50\source\repos\tp4-eda\project1\debug\project1.ilk
c:\users\compaq-cq50\source\repos\tp4-eda\project1\debug\project1.pdb
c:\users\compaq-cq50\source\repos\tp4-eda\project1\project1\debug\project1.res
c:\users\compaq-cq50\source\repos\tp4-eda\project1\project1\debug\project1.tlog\cl.command.1.tlog
c:\users\compaq-cq50\source\repos\tp4-eda\project1\project1\debug\project1.tlog\cl.read.1.tlog
c:\users\compaq-cq50\source\repos\tp4-eda\project1\project1\debug\project1.tlog\cl.write.1.tlog
c:\users\compaq-cq50\source\repos\tp4-eda\project1\project1\debug\project1.tlog\link.command.1.tlog
c:\users\compaq-cq50\source\repos\tp4-eda\project1\project1\debug\project1.tlog\link.read.1.tlog
c:\users\compaq-cq50\source\repos\tp4-eda\project1\project1\debug\project1.tlog\link.write.1.tlog
c:\users\compaq-cq50\source\repos\tp4-eda\project1\project1\debug\project1.tlog\rc.command.1.tlog
c:\users\compaq-cq50\source\repos\tp4-eda\project1\project1\debug\project1.tlog\rc.read.1.tlog
c:\users\compaq-cq50\source\repos\tp4-eda\project1\project1\debug\project1.tlog\rc.write.1.tlog
